<?xml version="1.0"?>
<!DOCTYPE coverage SYSTEM "http://cobertura.sourceforge.net/xml/coverage-04.dtd">

<coverage line-rate="0.5517241379310345" branch-rate="1.0" lines-covered="16" lines-valid="29" branches-covered="4" branches-valid="4" complexity="1.1666666666666667" version="1.9.4.1" timestamp="1338788990151">
	<sources>
		<source>--source</source>
		<source>G:/Maven_Eclipse/application/HotelDatabase/src/main/java</source>
	</sources>
	<packages>
		<package name="com.javaworld.hotels.businessobjects" line-rate="0.35" branch-rate="1.0" complexity="1.0">
			<classes>
				<class name="com.javaworld.hotels.businessobjects.Hotel" filename="com/javaworld/hotels/businessobjects/Hotel.java" line-rate="0.35" branch-rate="1.0" complexity="1.0">
					<methods>
						<method name="&lt;init&gt;" signature="()V" line-rate="0.0" branch-rate="1.0">
							<lines>
								<line number="32" hits="0" branch="false"/>
								<line number="34" hits="0" branch="false"/>
							</lines>
						</method>
						<method name="&lt;init&gt;" signature="(Ljava/lang/String;Ljava/lang/String;Ljava/lang/String;I)V" line-rate="1.0" branch-rate="1.0">
							<lines>
								<line number="43" hits="5" branch="false"/>
								<line number="45" hits="5" branch="false"/>
								<line number="46" hits="5" branch="false"/>
								<line number="47" hits="5" branch="false"/>
								<line number="48" hits="5" branch="false"/>
								<line number="49" hits="5" branch="false"/>
							</lines>
						</method>
						<method name="getAddress" signature="()Ljava/lang/String;" line-rate="0.0" branch-rate="1.0">
							<lines>
								<line number="54" hits="0" branch="false"/>
							</lines>
						</method>
						<method name="getCity" signature="()Ljava/lang/String;" line-rate="1.0" branch-rate="1.0">
							<lines>
								<line number="66" hits="25" branch="false"/>
							</lines>
						</method>
						<method name="getName" signature="()Ljava/lang/String;" line-rate="0.0" branch-rate="1.0">
							<lines>
								<line number="78" hits="0" branch="false"/>
							</lines>
						</method>
						<method name="getStars" signature="()I" line-rate="0.0" branch-rate="1.0">
							<lines>
								<line number="90" hits="0" branch="false"/>
							</lines>
						</method>
						<method name="setAddress" signature="(Ljava/lang/String;)V" line-rate="0.0" branch-rate="1.0">
							<lines>
								<line number="60" hits="0" branch="false"/>
								<line number="61" hits="0" branch="false"/>
							</lines>
						</method>
						<method name="setCity" signature="(Ljava/lang/String;)V" line-rate="0.0" branch-rate="1.0">
							<lines>
								<line number="72" hits="0" branch="false"/>
								<line number="73" hits="0" branch="false"/>
							</lines>
						</method>
						<method name="setName" signature="(Ljava/lang/String;)V" line-rate="0.0" branch-rate="1.0">
							<lines>
								<line number="84" hits="0" branch="false"/>
								<line number="85" hits="0" branch="false"/>
							</lines>
						</method>
						<method name="setStars" signature="(I)V" line-rate="0.0" branch-rate="1.0">
							<lines>
								<line number="96" hits="0" branch="false"/>
								<line number="97" hits="0" branch="false"/>
							</lines>
						</method>
					</methods>
					<lines>
						<line number="32" hits="0" branch="false"/>
						<line number="34" hits="0" branch="false"/>
						<line number="43" hits="5" branch="false"/>
						<line number="45" hits="5" branch="false"/>
						<line number="46" hits="5" branch="false"/>
						<line number="47" hits="5" branch="false"/>
						<line number="48" hits="5" branch="false"/>
						<line number="49" hits="5" branch="false"/>
						<line number="54" hits="0" branch="false"/>
						<line number="60" hits="0" branch="false"/>
						<line number="61" hits="0" branch="false"/>
						<line number="66" hits="25" branch="false"/>
						<line number="72" hits="0" branch="false"/>
						<line number="73" hits="0" branch="false"/>
						<line number="78" hits="0" branch="false"/>
						<line number="84" hits="0" branch="false"/>
						<line number="85" hits="0" branch="false"/>
						<line number="90" hits="0" branch="false"/>
						<line number="96" hits="0" branch="false"/>
						<line number="97" hits="0" branch="false"/>
					</lines>
				</class>
			</classes>
		</package>
		<package name="com.javaworld.hotels.model" line-rate="1.0" branch-rate="1.0" complexity="2.0">
			<classes>
				<class name="com.javaworld.hotels.model.HotelModel" filename="com/javaworld/hotels/model/HotelModel.java" line-rate="1.0" branch-rate="1.0" complexity="2.0">
					<methods>
						<method name="&lt;clinit&gt;" signature="()V" line-rate="1.0" branch-rate="1.0">
							<lines>
								<line number="30" hits="1" branch="false"/>
								<line number="39" hits="1" branch="false"/>
							</lines>
						</method>
						<method name="&lt;init&gt;" signature="()V" line-rate="1.0" branch-rate="1.0">
							<lines>
								<line number="25" hits="5" branch="false"/>
							</lines>
						</method>
						<method name="findAvailableCities" signature="()[Ljava/lang/String;" line-rate="1.0" branch-rate="1.0">
							<lines>
								<line number="69" hits="1" branch="false"/>
							</lines>
						</method>
						<method name="findHotelsByCity" signature="(Ljava/lang/String;)Ljava/util/List;" line-rate="1.0" branch-rate="1.0">
							<lines>
								<line number="53" hits="4" branch="false"/>
								<line number="55" hits="24" branch="true" condition-coverage="100% (2/2)">
									<conditions>
										<condition number="0" type="jump" coverage="100%"/>
									</conditions>
								</line>
								<line number="56" hits="20" branch="true" condition-coverage="100% (2/2)">
									<conditions>
										<condition number="0" type="jump" coverage="100%"/>
									</conditions>
								</line>
								<line number="57" hits="5" branch="false"/>
								<line number="61" hits="4" branch="false"/>
							</lines>
						</method>
					</methods>
					<lines>
						<line number="25" hits="5" branch="false"/>
						<line number="30" hits="1" branch="false"/>
						<line number="39" hits="1" branch="false"/>
						<line number="53" hits="4" branch="false"/>
						<line number="55" hits="24" branch="true" condition-coverage="100% (2/2)">
							<conditions>
								<condition number="0" type="jump" coverage="100%"/>
							</conditions>
						</line>
						<line number="56" hits="20" branch="true" condition-coverage="100% (2/2)">
							<conditions>
								<condition number="0" type="jump" coverage="100%"/>
							</conditions>
						</line>
						<line number="57" hits="5" branch="false"/>
						<line number="61" hits="4" branch="false"/>
						<line number="69" hits="1" branch="false"/>
					</lines>
				</class>
			</classes>
		</package>
	</packages>
</coverage>
